running egg_info
creating ../../build/ros2_poselib/ros2_poselib.egg-info
writing manifest file '../../build/ros2_poselib/ros2_poselib.egg-info/SOURCES.txt'
writing manifest file '../../build/ros2_poselib/ros2_poselib.egg-info/SOURCES.txt'
running build
running build_py
creating /home/xtrana/PycharmProjects/ros2-auto-drone/ros2/build/ros2_poselib/build
creating /home/xtrana/PycharmProjects/ros2-auto-drone/ros2/build/ros2_poselib/build/lib
creating /home/xtrana/PycharmProjects/ros2-auto-drone/ros2/build/ros2_poselib/build/lib/ros2_poselib
copying ros2_poselib/__init__.py -> /home/xtrana/PycharmProjects/ros2-auto-drone/ros2/build/ros2_poselib/build/lib/ros2_poselib
creating /home/xtrana/PycharmProjects/ros2-auto-drone/ros2/build/ros2_poselib/build/lib/ros2_poselib/poselib
copying ros2_poselib/poselib/__init__.py -> /home/xtrana/PycharmProjects/ros2-auto-drone/ros2/build/ros2_poselib/build/lib/ros2_poselib/poselib
copying ros2_poselib/poselib/_pose.py -> /home/xtrana/PycharmProjects/ros2-auto-drone/ros2/build/ros2_poselib/build/lib/ros2_poselib/poselib
running install
running install_lib
creating /home/xtrana/PycharmProjects/ros2-auto-drone/ros2/install/ros2_poselib/lib/python3.10/site-packages/ros2_poselib
creating /home/xtrana/PycharmProjects/ros2-auto-drone/ros2/install/ros2_poselib/lib/python3.10/site-packages/ros2_poselib/poselib
byte-compiling /home/xtrana/PycharmProjects/ros2-auto-drone/ros2/install/ros2_poselib/lib/python3.10/site-packages/ros2_poselib/poselib/__init__.py to __init__.cpython-310.pyc
byte-compiling /home/xtrana/PycharmProjects/ros2-auto-drone/ros2/install/ros2_poselib/lib/python3.10/site-packages/ros2_poselib/poselib/_pose.py to _pose.cpython-310.pyc
byte-compiling /home/xtrana/PycharmProjects/ros2-auto-drone/ros2/install/ros2_poselib/lib/python3.10/site-packages/ros2_poselib/__init__.py to __init__.cpython-310.pyc
running install_data
creating /home/xtrana/PycharmProjects/ros2-auto-drone/ros2/install/ros2_poselib/share/ament_index
creating /home/xtrana/PycharmProjects/ros2-auto-drone/ros2/install/ros2_poselib/share/ament_index/resource_index
creating /home/xtrana/PycharmProjects/ros2-auto-drone/ros2/install/ros2_poselib/share/ament_index/resource_index/packages
copying resource/ros2_poselib -> /home/xtrana/PycharmProjects/ros2-auto-drone/ros2/install/ros2_poselib/share/ament_index/resource_index/packages
copying package.xml -> /home/xtrana/PycharmProjects/ros2-auto-drone/ros2/install/ros2_poselib/share/ros2_poselib
running install_egg_info
Copying ../../build/ros2_poselib/ros2_poselib.egg-info to /home/xtrana/PycharmProjects/ros2-auto-drone/ros2/install/ros2_poselib/lib/python3.10/site-packages/ros2_poselib-0.0.0-py3.10.egg-info
running install_scripts
writing list of installed files to '/home/xtrana/PycharmProjects/ros2-auto-drone/ros2/build/ros2_poselib/install.log'
