running egg_info
creating ../../build/drone_vision_pkg/drone_vision_pkg.egg-info
writing manifest file '../../build/drone_vision_pkg/drone_vision_pkg.egg-info/SOURCES.txt'
writing manifest file '../../build/drone_vision_pkg/drone_vision_pkg.egg-info/SOURCES.txt'
running build
running build_py
creating /home/xtrana/PycharmProjects/ros2-auto-drone/ros2/build/drone_vision_pkg/build
creating /home/xtrana/PycharmProjects/ros2-auto-drone/ros2/build/drone_vision_pkg/build/lib
creating /home/xtrana/PycharmProjects/ros2-auto-drone/ros2/build/drone_vision_pkg/build/lib/drone_vision_pkg
copying drone_vision_pkg/drone_vision_node.py -> /home/xtrana/PycharmProjects/ros2-auto-drone/ros2/build/drone_vision_pkg/build/lib/drone_vision_pkg
copying drone_vision_pkg/vision_pose_node.py -> /home/xtrana/PycharmProjects/ros2-auto-drone/ros2/build/drone_vision_pkg/build/lib/drone_vision_pkg
copying drone_vision_pkg/__init__.py -> /home/xtrana/PycharmProjects/ros2-auto-drone/ros2/build/drone_vision_pkg/build/lib/drone_vision_pkg
copying drone_vision_pkg/trt_node.py -> /home/xtrana/PycharmProjects/ros2-auto-drone/ros2/build/drone_vision_pkg/build/lib/drone_vision_pkg
running install
running install_lib
creating /home/xtrana/PycharmProjects/ros2-auto-drone/ros2/install/drone_vision_pkg/lib/python3.10/site-packages/drone_vision_pkg
byte-compiling /home/xtrana/PycharmProjects/ros2-auto-drone/ros2/install/drone_vision_pkg/lib/python3.10/site-packages/drone_vision_pkg/drone_vision_node.py to drone_vision_node.cpython-310.pyc
byte-compiling /home/xtrana/PycharmProjects/ros2-auto-drone/ros2/install/drone_vision_pkg/lib/python3.10/site-packages/drone_vision_pkg/vision_pose_node.py to vision_pose_node.cpython-310.pyc
byte-compiling /home/xtrana/PycharmProjects/ros2-auto-drone/ros2/install/drone_vision_pkg/lib/python3.10/site-packages/drone_vision_pkg/__init__.py to __init__.cpython-310.pyc
byte-compiling /home/xtrana/PycharmProjects/ros2-auto-drone/ros2/install/drone_vision_pkg/lib/python3.10/site-packages/drone_vision_pkg/trt_node.py to trt_node.cpython-310.pyc
running install_data
creating /home/xtrana/PycharmProjects/ros2-auto-drone/ros2/install/drone_vision_pkg/share/ament_index
creating /home/xtrana/PycharmProjects/ros2-auto-drone/ros2/install/drone_vision_pkg/share/ament_index/resource_index
creating /home/xtrana/PycharmProjects/ros2-auto-drone/ros2/install/drone_vision_pkg/share/ament_index/resource_index/packages
copying resource/drone_vision_pkg -> /home/xtrana/PycharmProjects/ros2-auto-drone/ros2/install/drone_vision_pkg/share/ament_index/resource_index/packages
copying package.xml -> /home/xtrana/PycharmProjects/ros2-auto-drone/ros2/install/drone_vision_pkg/share/drone_vision_pkg
creating /home/xtrana/PycharmProjects/ros2-auto-drone/ros2/install/drone_vision_pkg/share/drone_vision_pkg/launch
copying launch/ekf.launch.py -> /home/xtrana/PycharmProjects/ros2-auto-drone/ros2/install/drone_vision_pkg/share/drone_vision_pkg/launch
creating /home/xtrana/PycharmProjects/ros2-auto-drone/ros2/install/drone_vision_pkg/share/drone_vision_pkg/config
copying config/zed_common.yaml -> /home/xtrana/PycharmProjects/ros2-auto-drone/ros2/install/drone_vision_pkg/share/drone_vision_pkg/config
copying config/zed.yaml -> /home/xtrana/PycharmProjects/ros2-auto-drone/ros2/install/drone_vision_pkg/share/drone_vision_pkg/config
copying config/zedm.yaml -> /home/xtrana/PycharmProjects/ros2-auto-drone/ros2/install/drone_vision_pkg/share/drone_vision_pkg/config
copying config/zed2i.yaml -> /home/xtrana/PycharmProjects/ros2-auto-drone/ros2/install/drone_vision_pkg/share/drone_vision_pkg/config
copying config/zedx.yaml -> /home/xtrana/PycharmProjects/ros2-auto-drone/ros2/install/drone_vision_pkg/share/drone_vision_pkg/config
copying config/zed2.yaml -> /home/xtrana/PycharmProjects/ros2-auto-drone/ros2/install/drone_vision_pkg/share/drone_vision_pkg/config
copying config/ekf.yaml -> /home/xtrana/PycharmProjects/ros2-auto-drone/ros2/install/drone_vision_pkg/share/drone_vision_pkg/config
copying config/zedxm.yaml -> /home/xtrana/PycharmProjects/ros2-auto-drone/ros2/install/drone_vision_pkg/share/drone_vision_pkg/config
creating /home/xtrana/PycharmProjects/ros2-auto-drone/ros2/install/drone_vision_pkg/share/drone_vision_pkg/urdf
copying urdf/drone_body.xacro -> /home/xtrana/PycharmProjects/ros2-auto-drone/ros2/install/drone_vision_pkg/share/drone_vision_pkg/urdf
copying urdf/drone_description.urdf.xacro -> /home/xtrana/PycharmProjects/ros2-auto-drone/ros2/install/drone_vision_pkg/share/drone_vision_pkg/urdf
running install_egg_info
Copying ../../build/drone_vision_pkg/drone_vision_pkg.egg-info to /home/xtrana/PycharmProjects/ros2-auto-drone/ros2/install/drone_vision_pkg/lib/python3.10/site-packages/drone_vision_pkg-0.0.0-py3.10.egg-info
running install_scripts
writing list of installed files to '/home/xtrana/PycharmProjects/ros2-auto-drone/ros2/build/drone_vision_pkg/install.log'
