running egg_info
creating ../../build/drone_control_pkg/drone_control_pkg.egg-info
writing manifest file '../../build/drone_control_pkg/drone_control_pkg.egg-info/SOURCES.txt'
writing manifest file '../../build/drone_control_pkg/drone_control_pkg.egg-info/SOURCES.txt'
running build
running build_py
creating /home/xtrana/PycharmProjects/ros2-auto-drone/ros2/build/drone_control_pkg/build
creating /home/xtrana/PycharmProjects/ros2-auto-drone/ros2/build/drone_control_pkg/build/lib
creating /home/xtrana/PycharmProjects/ros2-auto-drone/ros2/build/drone_control_pkg/build/lib/drone_control_pkg
copying drone_control_pkg/drone_control_node_old.py -> /home/xtrana/PycharmProjects/ros2-auto-drone/ros2/build/drone_control_pkg/build/lib/drone_control_pkg
copying drone_control_pkg/__init__.py -> /home/xtrana/PycharmProjects/ros2-auto-drone/ros2/build/drone_control_pkg/build/lib/drone_control_pkg
copying drone_control_pkg/drone_control_node.py -> /home/xtrana/PycharmProjects/ros2-auto-drone/ros2/build/drone_control_pkg/build/lib/drone_control_pkg
copying drone_control_pkg/drone_setup_node.py -> /home/xtrana/PycharmProjects/ros2-auto-drone/ros2/build/drone_control_pkg/build/lib/drone_control_pkg
running install
running install_lib
creating /home/xtrana/PycharmProjects/ros2-auto-drone/ros2/install/drone_control_pkg/lib/python3.10/site-packages/drone_control_pkg
byte-compiling /home/xtrana/PycharmProjects/ros2-auto-drone/ros2/install/drone_control_pkg/lib/python3.10/site-packages/drone_control_pkg/drone_control_node_old.py to drone_control_node_old.cpython-310.pyc
byte-compiling /home/xtrana/PycharmProjects/ros2-auto-drone/ros2/install/drone_control_pkg/lib/python3.10/site-packages/drone_control_pkg/__init__.py to __init__.cpython-310.pyc
byte-compiling /home/xtrana/PycharmProjects/ros2-auto-drone/ros2/install/drone_control_pkg/lib/python3.10/site-packages/drone_control_pkg/drone_control_node.py to drone_control_node.cpython-310.pyc
byte-compiling /home/xtrana/PycharmProjects/ros2-auto-drone/ros2/install/drone_control_pkg/lib/python3.10/site-packages/drone_control_pkg/drone_setup_node.py to drone_setup_node.cpython-310.pyc
running install_data
creating /home/xtrana/PycharmProjects/ros2-auto-drone/ros2/install/drone_control_pkg/share/ament_index
creating /home/xtrana/PycharmProjects/ros2-auto-drone/ros2/install/drone_control_pkg/share/ament_index/resource_index
creating /home/xtrana/PycharmProjects/ros2-auto-drone/ros2/install/drone_control_pkg/share/ament_index/resource_index/packages
copying resource/drone_control_pkg -> /home/xtrana/PycharmProjects/ros2-auto-drone/ros2/install/drone_control_pkg/share/ament_index/resource_index/packages
copying package.xml -> /home/xtrana/PycharmProjects/ros2-auto-drone/ros2/install/drone_control_pkg/share/drone_control_pkg
creating /home/xtrana/PycharmProjects/ros2-auto-drone/ros2/install/drone_control_pkg/share/drone_control_pkg/launch
copying launch/mavros.launch.py -> /home/xtrana/PycharmProjects/ros2-auto-drone/ros2/install/drone_control_pkg/share/drone_control_pkg/launch
creating /home/xtrana/PycharmProjects/ros2-auto-drone/ros2/install/drone_control_pkg/share/drone_control_pkg/config
copying config/apm_params.yaml -> /home/xtrana/PycharmProjects/ros2-auto-drone/ros2/install/drone_control_pkg/share/drone_control_pkg/config
copying config/apm_pluginlists.yaml -> /home/xtrana/PycharmProjects/ros2-auto-drone/ros2/install/drone_control_pkg/share/drone_control_pkg/config
copying config/apm_config.yaml -> /home/xtrana/PycharmProjects/ros2-auto-drone/ros2/install/drone_control_pkg/share/drone_control_pkg/config
running install_egg_info
Copying ../../build/drone_control_pkg/drone_control_pkg.egg-info to /home/xtrana/PycharmProjects/ros2-auto-drone/ros2/install/drone_control_pkg/lib/python3.10/site-packages/drone_control_pkg-0.0.0-py3.10.egg-info
running install_scripts
writing list of installed files to '/home/xtrana/PycharmProjects/ros2-auto-drone/ros2/build/drone_control_pkg/install.log'
